Questionable use of curly braces in "xm1 vop vp vmid vss sky130_fd_pr__nfet_01v8 l=1 w=1 nf=1 ad={int((nf+1)/2)*w/nf*0.29} as={int((nf+2)/2)*w/nf*0.29}  pd={2*int((nf+1)/2)*(w/nf+0.29)} ps={2*int((nf+2)/2)*(w/nf+0.29)} nrd={0.29/w} nrs={0.29/w}  sa=0 sb=0 sd=0 mult=1 m=1"
    Error: undefined symbol in: "int(([nf]+1)/2)*w/nf*0.29"
Questionable use of curly braces in "xm1 vop vp vmid vss sky130_fd_pr__nfet_01v8 l=1 w=1 nf=1 ad=(int((nf+1)/2)*w/nf*0.29) as={int((nf+2)/2)*w/nf*0.29}  pd={2*int((nf+1)/2)*(w/nf+0.29)} ps={2*int((nf+2)/2)*(w/nf+0.29)} nrd={0.29/w} nrs={0.29/w}  sa=0 sb=0 sd=0 mult=1 m=1"
    Error: undefined symbol in: "int(([nf]+2)/2)*w/nf*0.29"
Questionable use of curly braces in "xm1 vop vp vmid vss sky130_fd_pr__nfet_01v8 l=1 w=1 nf=1 ad=(int((nf+1)/2)*w/nf*0.29) as=(int((nf+2)/2)*w/nf*0.29)  pd={2*int((nf+1)/2)*(w/nf+0.29)} ps={2*int((nf+2)/2)*(w/nf+0.29)} nrd={0.29/w} nrs={0.29/w}  sa=0 sb=0 sd=0 mult=1 m=1"
    Error: undefined symbol in: "2*int(([nf]+1)/2)*(w/nf+0.29)"
Questionable use of curly braces in "xm1 vop vp vmid vss sky130_fd_pr__nfet_01v8 l=1 w=1 nf=1 ad=(int((nf+1)/2)*w/nf*0.29) as=(int((nf+2)/2)*w/nf*0.29)  pd=(2*int((nf+1)/2)*(w/nf+0.29)) ps={2*int((nf+2)/2)*(w/nf+0.29)} nrd={0.29/w} nrs={0.29/w}  sa=0 sb=0 sd=0 mult=1 m=1"
    Error: undefined symbol in: "2*int(([nf]+2)/2)*(w/nf+0.29)"
Questionable use of curly braces in "xm1 vop vp vmid vss sky130_fd_pr__nfet_01v8 l=1 w=1 nf=1 ad=(int((nf+1)/2)*w/nf*0.29) as=(int((nf+2)/2)*w/nf*0.29)  pd=(2*int((nf+1)/2)*(w/nf+0.29)) ps=(2*int((nf+2)/2)*(w/nf+0.29)) nrd={0.29/w} nrs={0.29/w}  sa=0 sb=0 sd=0 mult=1 m=1"
    Error: undefined symbol in: "0.29/[w]"
Questionable use of curly braces in "xm1 vop vp vmid vss sky130_fd_pr__nfet_01v8 l=1 w=1 nf=1 ad=(int((nf+1)/2)*w/nf*0.29) as=(int((nf+2)/2)*w/nf*0.29)  pd=(2*int((nf+1)/2)*(w/nf+0.29)) ps=(2*int((nf+2)/2)*(w/nf+0.29)) nrd=(0.29/w) nrs={0.29/w}  sa=0 sb=0 sd=0 mult=1 m=1"
    Error: undefined symbol in: "0.29/[w]"
Questionable use of curly braces in "xm2 von vn vmid vss sky130_fd_pr__nfet_01v8 l=1 w=1 nf=1 ad={int((nf+1)/2)*w/nf*0.29} as={int((nf+2)/2)*w/nf*0.29}  pd={2*int((nf+1)/2)*(w/nf+0.29)} ps={2*int((nf+2)/2)*(w/nf+0.29)} nrd={0.29/w} nrs={0.29/w}  sa=0 sb=0 sd=0 mult=1 m=1"
    Error: undefined symbol in: "int(([nf]+1)/2)*w/nf*0.29"
Questionable use of curly braces in "xm2 von vn vmid vss sky130_fd_pr__nfet_01v8 l=1 w=1 nf=1 ad=(int((nf+1)/2)*w/nf*0.29) as={int((nf+2)/2)*w/nf*0.29}  pd={2*int((nf+1)/2)*(w/nf+0.29)} ps={2*int((nf+2)/2)*(w/nf+0.29)} nrd={0.29/w} nrs={0.29/w}  sa=0 sb=0 sd=0 mult=1 m=1"
    Error: undefined symbol in: "int(([nf]+2)/2)*w/nf*0.29"
Questionable use of curly braces in "xm2 von vn vmid vss sky130_fd_pr__nfet_01v8 l=1 w=1 nf=1 ad=(int((nf+1)/2)*w/nf*0.29) as=(int((nf+2)/2)*w/nf*0.29)  pd={2*int((nf+1)/2)*(w/nf+0.29)} ps={2*int((nf+2)/2)*(w/nf+0.29)} nrd={0.29/w} nrs={0.29/w}  sa=0 sb=0 sd=0 mult=1 m=1"
    Error: undefined symbol in: "2*int(([nf]+1)/2)*(w/nf+0.29)"
Questionable use of curly braces in "xm2 von vn vmid vss sky130_fd_pr__nfet_01v8 l=1 w=1 nf=1 ad=(int((nf+1)/2)*w/nf*0.29) as=(int((nf+2)/2)*w/nf*0.29)  pd=(2*int((nf+1)/2)*(w/nf+0.29)) ps={2*int((nf+2)/2)*(w/nf+0.29)} nrd={0.29/w} nrs={0.29/w}  sa=0 sb=0 sd=0 mult=1 m=1"
    Error: undefined symbol in: "2*int(([nf]+2)/2)*(w/nf+0.29)"
Questionable use of curly braces in "xm2 von vn vmid vss sky130_fd_pr__nfet_01v8 l=1 w=1 nf=1 ad=(int((nf+1)/2)*w/nf*0.29) as=(int((nf+2)/2)*w/nf*0.29)  pd=(2*int((nf+1)/2)*(w/nf+0.29)) ps=(2*int((nf+2)/2)*(w/nf+0.29)) nrd={0.29/w} nrs={0.29/w}  sa=0 sb=0 sd=0 mult=1 m=1"
    Error: undefined symbol in: "0.29/[w]"
Questionable use of curly braces in "xm2 von vn vmid vss sky130_fd_pr__nfet_01v8 l=1 w=1 nf=1 ad=(int((nf+1)/2)*w/nf*0.29) as=(int((nf+2)/2)*w/nf*0.29)  pd=(2*int((nf+1)/2)*(w/nf+0.29)) ps=(2*int((nf+2)/2)*(w/nf+0.29)) nrd=(0.29/w) nrs={0.29/w}  sa=0 sb=0 sd=0 mult=1 m=1"
    Error: undefined symbol in: "0.29/[w]"
Questionable use of curly braces in "xm3 vop vbp vdd vdd sky130_fd_pr__pfet_01v8 l=1 w=2 nf=1 ad={int((nf+1)/2)*w/nf*0.29} as={int((nf+2)/2)*w/nf*0.29}  pd={2*int((nf+1)/2)*(w/nf+0.29)} ps={2*int((nf+2)/2)*(w/nf+0.29)} nrd={0.29/w} nrs={0.29/w}  sa=0 sb=0 sd=0 mult=1 m=1"
    Error: undefined symbol in: "int(([nf]+1)/2)*w/nf*0.29"
Questionable use of curly braces in "xm3 vop vbp vdd vdd sky130_fd_pr__pfet_01v8 l=1 w=2 nf=1 ad=(int((nf+1)/2)*w/nf*0.29) as={int((nf+2)/2)*w/nf*0.29}  pd={2*int((nf+1)/2)*(w/nf+0.29)} ps={2*int((nf+2)/2)*(w/nf+0.29)} nrd={0.29/w} nrs={0.29/w}  sa=0 sb=0 sd=0 mult=1 m=1"
    Error: undefined symbol in: "int(([nf]+2)/2)*w/nf*0.29"
Questionable use of curly braces in "xm3 vop vbp vdd vdd sky130_fd_pr__pfet_01v8 l=1 w=2 nf=1 ad=(int((nf+1)/2)*w/nf*0.29) as=(int((nf+2)/2)*w/nf*0.29)  pd={2*int((nf+1)/2)*(w/nf+0.29)} ps={2*int((nf+2)/2)*(w/nf+0.29)} nrd={0.29/w} nrs={0.29/w}  sa=0 sb=0 sd=0 mult=1 m=1"
    Error: undefined symbol in: "2*int(([nf]+1)/2)*(w/nf+0.29)"
Questionable use of curly braces in "xm3 vop vbp vdd vdd sky130_fd_pr__pfet_01v8 l=1 w=2 nf=1 ad=(int((nf+1)/2)*w/nf*0.29) as=(int((nf+2)/2)*w/nf*0.29)  pd=(2*int((nf+1)/2)*(w/nf+0.29)) ps={2*int((nf+2)/2)*(w/nf+0.29)} nrd={0.29/w} nrs={0.29/w}  sa=0 sb=0 sd=0 mult=1 m=1"
    Error: undefined symbol in: "2*int(([nf]+2)/2)*(w/nf+0.29)"
Questionable use of curly braces in "xm3 vop vbp vdd vdd sky130_fd_pr__pfet_01v8 l=1 w=2 nf=1 ad=(int((nf+1)/2)*w/nf*0.29) as=(int((nf+2)/2)*w/nf*0.29)  pd=(2*int((nf+1)/2)*(w/nf+0.29)) ps=(2*int((nf+2)/2)*(w/nf+0.29)) nrd={0.29/w} nrs={0.29/w}  sa=0 sb=0 sd=0 mult=1 m=1"
    Error: undefined symbol in: "0.29/[w]"
Questionable use of curly braces in "xm3 vop vbp vdd vdd sky130_fd_pr__pfet_01v8 l=1 w=2 nf=1 ad=(int((nf+1)/2)*w/nf*0.29) as=(int((nf+2)/2)*w/nf*0.29)  pd=(2*int((nf+1)/2)*(w/nf+0.29)) ps=(2*int((nf+2)/2)*(w/nf+0.29)) nrd=(0.29/w) nrs={0.29/w}  sa=0 sb=0 sd=0 mult=1 m=1"
    Error: undefined symbol in: "0.29/[w]"
Questionable use of curly braces in "xm4 von vbp vdd vdd sky130_fd_pr__pfet_01v8 l=1 w=2 nf=1 ad={int((nf+1)/2)*w/nf*0.29} as={int((nf+2)/2)*w/nf*0.29}  pd={2*int((nf+1)/2)*(w/nf+0.29)} ps={2*int((nf+2)/2)*(w/nf+0.29)} nrd={0.29/w} nrs={0.29/w}  sa=0 sb=0 sd=0 mult=1 m=1"
    Error: undefined symbol in: "int(([nf]+1)/2)*w/nf*0.29"
Questionable use of curly braces in "xm4 von vbp vdd vdd sky130_fd_pr__pfet_01v8 l=1 w=2 nf=1 ad=(int((nf+1)/2)*w/nf*0.29) as={int((nf+2)/2)*w/nf*0.29}  pd={2*int((nf+1)/2)*(w/nf+0.29)} ps={2*int((nf+2)/2)*(w/nf+0.29)} nrd={0.29/w} nrs={0.29/w}  sa=0 sb=0 sd=0 mult=1 m=1"
    Error: undefined symbol in: "int(([nf]+2)/2)*w/nf*0.29"
Questionable use of curly braces in "xm4 von vbp vdd vdd sky130_fd_pr__pfet_01v8 l=1 w=2 nf=1 ad=(int((nf+1)/2)*w/nf*0.29) as=(int((nf+2)/2)*w/nf*0.29)  pd={2*int((nf+1)/2)*(w/nf+0.29)} ps={2*int((nf+2)/2)*(w/nf+0.29)} nrd={0.29/w} nrs={0.29/w}  sa=0 sb=0 sd=0 mult=1 m=1"
    Error: undefined symbol in: "2*int(([nf]+1)/2)*(w/nf+0.29)"
Questionable use of curly braces in "xm4 von vbp vdd vdd sky130_fd_pr__pfet_01v8 l=1 w=2 nf=1 ad=(int((nf+1)/2)*w/nf*0.29) as=(int((nf+2)/2)*w/nf*0.29)  pd=(2*int((nf+1)/2)*(w/nf+0.29)) ps={2*int((nf+2)/2)*(w/nf+0.29)} nrd={0.29/w} nrs={0.29/w}  sa=0 sb=0 sd=0 mult=1 m=1"
    Error: undefined symbol in: "2*int(([nf]+2)/2)*(w/nf+0.29)"
Questionable use of curly braces in "xm4 von vbp vdd vdd sky130_fd_pr__pfet_01v8 l=1 w=2 nf=1 ad=(int((nf+1)/2)*w/nf*0.29) as=(int((nf+2)/2)*w/nf*0.29)  pd=(2*int((nf+1)/2)*(w/nf+0.29)) ps=(2*int((nf+2)/2)*(w/nf+0.29)) nrd={0.29/w} nrs={0.29/w}  sa=0 sb=0 sd=0 mult=1 m=1"
    Error: undefined symbol in: "0.29/[w]"
Questionable use of curly braces in "xm4 von vbp vdd vdd sky130_fd_pr__pfet_01v8 l=1 w=2 nf=1 ad=(int((nf+1)/2)*w/nf*0.29) as=(int((nf+2)/2)*w/nf*0.29)  pd=(2*int((nf+1)/2)*(w/nf+0.29)) ps=(2*int((nf+2)/2)*(w/nf+0.29)) nrd=(0.29/w) nrs={0.29/w}  sa=0 sb=0 sd=0 mult=1 m=1"
    Error: undefined symbol in: "0.29/[w]"
Questionable use of curly braces in "xm5 vmid vbn vss vss sky130_fd_pr__nfet_01v8 l=2 w=1 nf=1 ad={int((nf+1)/2)*w/nf*0.29} as={int((nf+2)/2)*w/nf*0.29}  pd={2*int((nf+1)/2)*(w/nf+0.29)} ps={2*int((nf+2)/2)*(w/nf+0.29)} nrd={0.29/w} nrs={0.29/w}  sa=0 sb=0 sd=0 mult=1 m=1"
    Error: undefined symbol in: "int(([nf]+1)/2)*w/nf*0.29"
Questionable use of curly braces in "xm5 vmid vbn vss vss sky130_fd_pr__nfet_01v8 l=2 w=1 nf=1 ad=(int((nf+1)/2)*w/nf*0.29) as={int((nf+2)/2)*w/nf*0.29}  pd={2*int((nf+1)/2)*(w/nf+0.29)} ps={2*int((nf+2)/2)*(w/nf+0.29)} nrd={0.29/w} nrs={0.29/w}  sa=0 sb=0 sd=0 mult=1 m=1"
    Error: undefined symbol in: "int(([nf]+2)/2)*w/nf*0.29"
Questionable use of curly braces in "xm5 vmid vbn vss vss sky130_fd_pr__nfet_01v8 l=2 w=1 nf=1 ad=(int((nf+1)/2)*w/nf*0.29) as=(int((nf+2)/2)*w/nf*0.29)  pd={2*int((nf+1)/2)*(w/nf+0.29)} ps={2*int((nf+2)/2)*(w/nf+0.29)} nrd={0.29/w} nrs={0.29/w}  sa=0 sb=0 sd=0 mult=1 m=1"
    Error: undefined symbol in: "2*int(([nf]+1)/2)*(w/nf+0.29)"
Questionable use of curly braces in "xm5 vmid vbn vss vss sky130_fd_pr__nfet_01v8 l=2 w=1 nf=1 ad=(int((nf+1)/2)*w/nf*0.29) as=(int((nf+2)/2)*w/nf*0.29)  pd=(2*int((nf+1)/2)*(w/nf+0.29)) ps={2*int((nf+2)/2)*(w/nf+0.29)} nrd={0.29/w} nrs={0.29/w}  sa=0 sb=0 sd=0 mult=1 m=1"
    Error: undefined symbol in: "2*int(([nf]+2)/2)*(w/nf+0.29)"
Questionable use of curly braces in "xm5 vmid vbn vss vss sky130_fd_pr__nfet_01v8 l=2 w=1 nf=1 ad=(int((nf+1)/2)*w/nf*0.29) as=(int((nf+2)/2)*w/nf*0.29)  pd=(2*int((nf+1)/2)*(w/nf+0.29)) ps=(2*int((nf+2)/2)*(w/nf+0.29)) nrd={0.29/w} nrs={0.29/w}  sa=0 sb=0 sd=0 mult=1 m=1"
    Error: undefined symbol in: "0.29/[w]"
Questionable use of curly braces in "xm5 vmid vbn vss vss sky130_fd_pr__nfet_01v8 l=2 w=1 nf=1 ad=(int((nf+1)/2)*w/nf*0.29) as=(int((nf+2)/2)*w/nf*0.29)  pd=(2*int((nf+1)/2)*(w/nf+0.29)) ps=(2*int((nf+2)/2)*(w/nf+0.29)) nrd=(0.29/w) nrs={0.29/w}  sa=0 sb=0 sd=0 mult=1 m=1"
    Error: undefined symbol in: "0.29/[w]"
LTspice 24.0.12 for Windows
Circuit: ** sch_path: /home/jakob/Documents/RALF/Circuits/Examples/OpAmp/DiffAmp.sch
Start Time: Wed Nov 13 15:48:29 2024
Fatal Error: Unknown subcircuit called in:
   xm1 vop vp vmid vss sky130_fd_pr__nfet_01v8 l=1 w=1 nf=1 ad=(int((nf+1)/2)*w/nf*0.29) as=(int((nf+2)/2)*w/nf*0.29)  pd=(2*int((nf+1)/2)*(w/nf+0.29)) ps=(2*int((nf+2)/2)*(w/nf+0.29)) nrd=(0.29/w) nrs=(0.29/w)  sa=0 sb=0 sd=0 mult=1 m=1
